2018-07-03 12:03:12 INFO  TestsAutoRia:31 - [INFO] Launch Auto Ria page
2018-07-03 12:03:13 INFO  MainPageSearchBu:200 - Select 'B/U' radio button
2018-07-03 12:03:13 INFO  AllureLogger:14 - Logged to allure: Select transport
2018-07-03 12:03:14 INFO  AllureLogger:14 - Logged to allure: Select car brand
2018-07-03 12:03:15 INFO  AllureLogger:14 - Logged to allure: Select car model
2018-07-03 12:03:15 INFO  AllureLogger:14 - Logged to allure: Select region
2018-07-03 12:03:16 INFO  MainPageSearchBu:166 - Select year from
2018-07-03 12:03:16 INFO  AllureLogger:14 - Logged to allure: Select year to
2018-07-03 12:03:16 INFO  MainPageSearchBu:174 - Select price from
2018-07-03 12:03:16 INFO  AllureLogger:14 - Logged to allure: Select price to
2018-07-03 12:03:20 INFO  AllureLogger:14 - Logged to allure: Click on submit button
2018-07-03 12:03:21 INFO  AllureLogger:14 - Logged to allure: Get actual title
2018-07-03 12:03:21 INFO  AllureLogger:14 - Logged to allure:  The results of search is loaded correctly
2018-07-03 12:03:24 INFO  TestsAutoRia:38 - [INFO] Close Auto Ria
2018-07-03 12:36:16 INFO  TestsAutoRia:37 - [INFO] Launch Auto Ria page
2018-07-03 12:36:17 INFO  MainPageSearchBu:200 - Select 'B/U' radio button
2018-07-03 12:36:17 INFO  AllureLogger:14 - Logged to allure: Select transport
2018-07-03 12:36:18 INFO  AllureLogger:14 - Logged to allure: Select car brand
2018-07-03 12:36:18 INFO  AllureLogger:14 - Logged to allure: Select car model
2018-07-03 12:36:19 INFO  AllureLogger:14 - Logged to allure: Select region
2018-07-03 12:36:19 INFO  MainPageSearchBu:166 - Select year from
2018-07-03 12:36:20 INFO  AllureLogger:14 - Logged to allure: Select year to
2018-07-03 12:36:20 INFO  MainPageSearchBu:174 - Select price from
2018-07-03 12:36:20 INFO  AllureLogger:14 - Logged to allure: Select price to
2018-07-03 12:36:23 INFO  AllureLogger:14 - Logged to allure: Click on submit button
2018-07-03 12:36:23 INFO  AllureLogger:14 - Logged to allure: Get the message
2018-07-03 12:36:23 INFO  TestsAutoRia:85 -  The error message is displayed
2018-07-03 12:36:28 INFO  TestsAutoRia:44 - [INFO] Close Auto Ria
2018-07-03 12:37:01 INFO  TestsAutoRia:37 - [INFO] Launch Auto Ria page
2018-07-03 12:37:02 INFO  MainPageSearchNewCars:168 - Select 'New Auto' radio button
2018-07-03 12:37:02 INFO  MainPageSearchNewCars:86 - Select transport
2018-07-03 12:37:02 INFO  MainPageSearchNewCars:78 - Wait until element to be clickable
2018-07-03 12:37:02 INFO  MainPageSearchNewCars:78 - Wait until element to be clickable
2018-07-03 12:37:02 INFO  MainPageSearchNewCars:100 - Select car brand
2018-07-03 12:37:02 INFO  MainPageSearchNewCars:78 - Wait until element to be clickable
2018-07-03 12:37:03 INFO  MainPageSearchNewCars:78 - Wait until element to be clickable
2018-07-03 12:37:03 INFO  MainPageSearchNewCars:119 - Select car model
2018-07-03 12:37:04 INFO  MainPageSearchNewCars:131 - Select region
2018-07-03 12:37:04 INFO  MainPageSearchNewCars:140 - Select year from
2018-07-03 12:37:04 INFO  MainPageSearchNewCars:143 - Select year to
2018-07-03 12:37:04 INFO  MainPageSearchNewCars:148 - Select price from
2018-07-03 12:37:04 INFO  MainPageSearchNewCars:150 - Select price to
2018-07-03 12:37:08 INFO  MainPageSearchNewCars:176 - Click on submit button
2018-07-03 12:37:08 INFO  MainPageSearchNewCars:78 - Wait until element to be clickable
2018-07-03 12:37:08 INFO  MainPageSearchNewCars:78 - Wait until element to be clickable
2018-07-03 12:37:08 INFO  MainPageSearchNewCars:78 - Wait until element to be clickable
2018-07-03 12:37:08 INFO  MainPageSearchNewCars:78 - Wait until element to be clickable
2018-07-03 12:37:08 INFO  MainPageSearchNewCars:160 - Get actual title
2018-07-03 12:37:08 INFO  TestsAutoRia:117 -  The results of search is loaded correctly
2018-07-03 12:37:11 INFO  TestsAutoRia:44 - [INFO] Close Auto Ria
2018-07-03 13:46:02 INFO  TestsAutoRia:40 -  Launch Auto Ria page
2018-07-03 13:46:02 INFO  MainPageSearchBu:200 - Select 'B/U' radio button
2018-07-03 13:46:02 INFO  AllureLogger:14 - Logged to allure: Select transport
2018-07-03 13:46:03 INFO  AllureLogger:14 - Logged to allure: Select car brand
2018-07-03 13:46:04 INFO  AllureLogger:14 - Logged to allure: Select car model
2018-07-03 13:46:05 INFO  AllureLogger:14 - Logged to allure: Select region
2018-07-03 13:46:05 INFO  MainPageSearchBu:166 - Select year from
2018-07-03 13:46:05 INFO  AllureLogger:14 - Logged to allure: Select year to
2018-07-03 13:46:05 INFO  MainPageSearchBu:174 - Select price from
2018-07-03 13:46:05 INFO  AllureLogger:14 - Logged to allure: Select price to
2018-07-03 13:46:08 INFO  AllureLogger:14 - Logged to allure: Click on submit button
2018-07-03 13:46:31 INFO  TestsAutoRia:59 -  The search page was successfully load
2018-07-03 13:46:40 INFO  TestsAutoRia:27 - Screenshot have been added to Allure Report.
2018-07-03 14:00:58 INFO  TestsAutoRia:40 -  Launch Auto Ria page
2018-07-03 14:00:58 INFO  MainPageSearchBu:200 - Select 'B/U' radio button
2018-07-03 14:00:58 INFO  AllureLogger:14 - Logged to allure: Select transport
2018-07-03 14:00:59 INFO  AllureLogger:14 - Logged to allure: Select car brand
2018-07-03 14:01:00 INFO  AllureLogger:14 - Logged to allure: Select car model
2018-07-03 14:01:01 INFO  AllureLogger:14 - Logged to allure: Select region
2018-07-03 14:01:01 INFO  MainPageSearchBu:166 - Select year from
2018-07-03 14:01:01 INFO  AllureLogger:14 - Logged to allure: Select year to
2018-07-03 14:01:01 INFO  MainPageSearchBu:174 - Select price from
2018-07-03 14:01:01 INFO  AllureLogger:14 - Logged to allure: Select price to
2018-07-03 14:01:04 INFO  AllureLogger:14 - Logged to allure: Click on submit button
2018-07-03 14:01:04 INFO  TestsAutoRia:59 -  The search page was successfully load
2018-07-03 14:01:04 INFO  TestsAutoRia:27 - Screenshot have been added to Allure Report.
2018-07-03 14:01:06 INFO  TestsAutoRia:47 - Close Auto Ria
2018-07-03 14:12:45 INFO  TestsAutoRia:41 -  Launch Auto Ria page
2018-07-03 14:12:45 INFO  MainPageSearchBu:199 - Select 'B/U' radio button
2018-07-03 14:12:45 INFO  AllureLogger:15 - Logged to allure: Select transport
2018-07-03 14:12:46 INFO  AllureLogger:15 - Logged to allure: Select car brand
2018-07-03 14:12:47 INFO  AllureLogger:15 - Logged to allure: Select car model
2018-07-03 14:12:48 INFO  AllureLogger:15 - Logged to allure: Select region
2018-07-03 14:12:48 INFO  MainPageSearchBu:165 - Select year from
2018-07-03 14:12:48 INFO  AllureLogger:15 - Logged to allure: Select year to
2018-07-03 14:12:48 INFO  MainPageSearchBu:173 - Select price from
2018-07-03 14:12:48 INFO  AllureLogger:15 - Logged to allure: Select price to
2018-07-03 14:12:54 INFO  AllureLogger:15 - Logged to allure: Click on submit button
2018-07-03 14:12:54 INFO  TestsAutoRia:60 -  The search page was successfully load
2018-07-03 14:12:54 INFO  TestsAutoRia:28 - Screenshot have been added to Allure Report.
2018-07-03 14:12:57 INFO  TestsAutoRia:48 - Close Auto Ria
2018-07-04 15:10:37 INFO  AllureLogger:15 - Logged to allure:  Launch Auto Ria page
2018-07-04 15:10:38 INFO  AllureLogger:15 - Logged to allure: Select 'B/U' radio button
2018-07-04 15:10:38 INFO  AllureLogger:15 - Logged to allure: Select transport
2018-07-04 15:10:39 INFO  AllureLogger:15 - Logged to allure: Select car brand
2018-07-04 15:10:40 INFO  AllureLogger:15 - Logged to allure: Select car model
2018-07-04 15:10:40 INFO  AllureLogger:15 - Logged to allure: Select region
2018-07-04 15:10:40 INFO  AllureLogger:15 - Logged to allure: Select year from
2018-07-04 15:10:41 INFO  AllureLogger:15 - Logged to allure: Select year to
2018-07-04 15:10:41 INFO  AllureLogger:15 - Logged to allure: Select price from
2018-07-04 15:10:41 INFO  AllureLogger:15 - Logged to allure: Select price to
2018-07-04 15:10:44 INFO  AllureLogger:15 - Logged to allure: Click on submit button
2018-07-04 15:10:44 INFO  AllureLogger:15 - Logged to allure:  The search page was successfully load
2018-07-04 15:10:44 INFO  AllureLogger:15 - Logged to allure: Screenshot have been added to Allure Report.
2018-07-04 15:10:46 INFO  AllureLogger:15 - Logged to allure: Close Auto Ria
2018-07-04 15:19:58 INFO  AllureLogger:15 -  Launch Auto Ria page
2018-07-04 15:19:59 INFO  AllureLogger:15 - Select 'B/U' radio button
2018-07-04 15:19:59 INFO  AllureLogger:15 - Select transport
2018-07-04 15:20:00 INFO  AllureLogger:15 - Select car brand
2018-07-04 15:20:01 INFO  AllureLogger:15 - Select car model
2018-07-04 15:20:02 INFO  AllureLogger:15 - Select region
2018-07-04 15:20:02 INFO  AllureLogger:15 - Select year from
2018-07-04 15:20:02 INFO  AllureLogger:15 - Select year to
2018-07-04 15:20:02 INFO  AllureLogger:15 - Select price from
2018-07-04 15:20:02 INFO  AllureLogger:15 - Select price to
2018-07-04 15:20:08 INFO  AllureLogger:15 - Click on submit button
2018-07-04 15:20:08 INFO  AllureLogger:15 -  The search page was successfully load
2018-07-04 15:20:08 INFO  AllureLogger:15 - Screenshot have been added to Allure Report.
2018-07-04 15:20:11 INFO  AllureLogger:15 - Close Auto Ria
2018-07-06 15:37:41 INFO  AllureLogger:15 -  Launch Auto Ria page
2018-07-06 15:37:46 INFO  AllureLogger:15 - Close Auto Ria
2018-07-06 15:39:53 INFO  AllureLogger:15 -  Launch Auto Ria page
2018-07-06 15:39:56 INFO  AllureLogger:15 - Close Auto Ria
2018-07-06 15:42:30 INFO  AllureLogger:15 -  Launch Auto Ria page
2018-07-06 15:42:33 INFO  AllureLogger:15 - Close Auto Ria
2018-07-09 09:40:07 INFO  AllureLogger:15 -  Launch Auto Ria page
2018-07-09 09:40:10 INFO  AllureLogger:15 - Close Auto Ria
2018-07-09 11:36:01 INFO  AllureLogger:15 -  Launch Auto Ria page
2018-07-09 11:36:07 INFO  AllureLogger:15 - Close Auto Ria
2018-07-09 11:37:46 INFO  AllureLogger:15 -  Launch Auto Ria page
2018-07-09 11:37:50 INFO  AllureLogger:15 - Close Auto Ria
2018-07-09 14:34:57 INFO  AllureLogger:15 -  Launch Auto Ria page
2018-07-09 14:35:03 INFO  AllureLogger:15 - Close Auto Ria
2018-07-09 14:38:01 INFO  AllureLogger:15 -  Launch Auto Ria page
2018-07-09 14:45:06 INFO  AllureLogger:15 -  Launch Auto Ria page
2018-07-09 14:45:11 INFO  AllureLogger:15 - Close Auto Ria
2018-07-10 14:43:57 INFO  AllureLogger:15 -  Launch Auto Ria page
2018-07-10 14:44:04 INFO  AllureLogger:15 - Close Auto Ria
2018-07-10 14:45:10 INFO  AllureLogger:15 -  Launch Auto Ria page
2018-07-10 14:45:17 INFO  AllureLogger:15 - Close Auto Ria
2018-07-10 14:50:27 INFO  AllureLogger:15 -  Launch Auto Ria page
2018-07-10 14:50:33 INFO  AllureLogger:15 - Close Auto Ria
2018-07-10 14:52:26 INFO  AllureLogger:15 -  Launch Auto Ria page
2018-07-10 14:52:32 INFO  AllureLogger:15 - Close Auto Ria
2018-07-13 10:19:01 INFO  TestsAutoRia:28 -  Launch Auto Ria page
2018-07-13 10:19:01 INFO  MainPageSearchBu:187 - Select 'B/U' radio button
2018-07-13 10:19:01 INFO  MainPageSearchBu:187 - Select transport
2018-07-13 10:19:02 INFO  MainPageSearchBu:187 - Select car brand
2018-07-13 10:19:03 INFO  MainPageSearchBu:187 - Select car model
2018-07-13 10:19:04 INFO  MainPageSearchBu:187 - Select region
2018-07-13 10:19:04 INFO  MainPageSearchBu:187 - Select year from
2018-07-13 10:19:05 INFO  MainPageSearchBu:187 - Select year to
2018-07-13 10:19:05 INFO  MainPageSearchBu:187 - Select price from
2018-07-13 10:19:05 INFO  MainPageSearchBu:187 - Select price to
2018-07-13 10:19:07 INFO  MainPageSearchBu:187 - Click on submit button
2018-07-13 10:19:08 INFO  MainPageSearchBu:187 - Get actual title
2018-07-13 10:19:08 INFO  MainPageSearchBu:187 - Get current URL
2018-07-13 10:19:09 INFO  MainPageSearchBu:187 - Check the parameters that match that the page loaded
2018-07-13 10:19:09 INFO  TestsAutoRia:28 -  The results of search is loaded correctly
2018-07-13 10:19:11 INFO  TestsAutoRia:28 - Close Auto Ria
2018-07-13 10:32:40 INFO  TestsAutoRia:28 -  Launch Auto Ria page
2018-07-13 10:32:46 INFO  TestsAutoRia:28 - Screenshot have been added to Allure Report.
2018-07-13 10:32:48 INFO  TestsAutoRia:28 - Close Auto Ria
2018-07-13 12:59:34 INFO  TestsAutoRia:28 -  Launch Auto Ria page
2018-07-13 12:59:40 INFO  TestsAutoRia:28 - Screenshot have been added to Allure Report.
2018-07-13 12:59:43 INFO  TestsAutoRia:28 - Close Auto Ria
2018-07-13 13:00:35 INFO  TestsAutoRia:28 -  Launch Auto Ria page
2018-07-13 13:00:40 INFO  TestsAutoRia:28 - Screenshot have been added to Allure Report.
2018-07-13 13:00:43 INFO  TestsAutoRia:28 - Close Auto Ria
2018-07-13 14:18:30 INFO  TestsAutoRia:28 -  Launch Auto Ria page
2018-07-13 14:18:37 INFO  TestsAutoRia:28 - Screenshot have been added to Allure Report.
2018-07-13 14:18:39 INFO  TestsAutoRia:28 - Close Auto Ria
2018-07-13 14:21:24 INFO  TestsAutoRia:28 -  Launch Auto Ria page
2018-07-13 14:21:31 INFO  TestsAutoRia:28 - Screenshot have been added to Allure Report.
2018-07-13 14:21:33 INFO  TestsAutoRia:28 - Close Auto Ria
2018-07-13 14:24:18 INFO  TestsAutoRia:28 -  Launch Auto Ria page
2018-07-13 14:24:23 INFO  TestsAutoRia:28 - Screenshot have been added to Allure Report.
2018-07-13 14:24:25 INFO  TestsAutoRia:28 - Close Auto Ria
2018-07-13 14:28:00 INFO  TestsAutoRia:28 -  Launch Auto Ria page
2018-07-13 14:28:05 INFO  TestsAutoRia:28 - Screenshot have been added to Allure Report.
2018-07-13 14:28:07 INFO  TestsAutoRia:28 - Close Auto Ria
2018-07-13 14:29:36 INFO  TestsAutoRia:28 -  Launch Auto Ria page
2018-07-13 14:29:42 INFO  TestsAutoRia:28 - Screenshot have been added to Allure Report.
2018-07-13 14:29:44 INFO  TestsAutoRia:28 - Close Auto Ria
2018-07-13 14:36:55 INFO  TestsAutoRia:28 -  Launch Auto Ria page
2018-07-13 14:37:01 INFO  TestsAutoRia:28 - Screenshot have been added to Allure Report.
2018-07-13 14:37:04 INFO  TestsAutoRia:28 - Close Auto Ria
2018-07-13 14:37:37 INFO  TestsAutoRia:28 -  Launch Auto Ria page
2018-07-13 14:39:36 INFO  TestsAutoRia:28 -  Launch Auto Ria page
2018-07-13 14:41:48 INFO  TestsAutoRia:28 - Screenshot have been added to Allure Report.
2018-07-13 14:41:48 INFO  TestsAutoRia:28 - Screenshot have been added to Allure Report.
2018-07-13 14:42:14 INFO  TestsAutoRia:28 -  Launch Auto Ria page
2018-07-13 14:42:23 INFO  TestsAutoRia:28 - Close Auto Ria
2018-07-13 14:43:30 INFO  TestsAutoRia:28 -  Launch Auto Ria page
2018-07-13 14:43:37 INFO  TestsAutoRia:28 - Screenshot have been added to Allure Report.
2018-07-13 14:43:39 INFO  TestsAutoRia:28 - Close Auto Ria
2018-07-13 14:44:36 INFO  TestsAutoRia:28 -  Launch Auto Ria page
2018-07-13 14:44:43 INFO  TestsAutoRia:28 - Screenshot have been added to Allure Report.
2018-07-13 14:44:45 INFO  TestsAutoRia:28 - Close Auto Ria
2018-07-13 14:45:39 INFO  TestsAutoRia:28 -  Launch Auto Ria page
2018-07-13 14:45:47 INFO  TestsAutoRia:28 - Screenshot have been added to Allure Report.
2018-07-13 14:45:49 INFO  TestsAutoRia:28 - Close Auto Ria
2018-07-13 14:50:25 INFO  TestsAutoRia:28 -  Launch Auto Ria page
2018-07-13 14:50:31 INFO  TestsAutoRia:28 - Screenshot have been added to Allure Report.
2018-07-13 14:50:33 INFO  TestsAutoRia:28 - Close Auto Ria
2018-07-13 15:02:41 INFO  TestsAutoRia:28 -  Launch Auto Ria page
2018-07-13 15:02:49 INFO  TestsAutoRia:28 - Screenshot have been added to Allure Report.
2018-07-13 15:02:51 INFO  TestsAutoRia:28 - Close Auto Ria
2018-07-13 15:03:47 INFO  TestsAutoRia:28 -  Launch Auto Ria page
2018-07-13 15:03:54 INFO  TestsAutoRia:28 - Screenshot have been added to Allure Report.
2018-07-13 15:03:56 INFO  TestsAutoRia:28 - Close Auto Ria
2018-07-13 15:06:11 INFO  TestsAutoRia:28 -  Launch Auto Ria page
2018-07-13 15:06:16 INFO  TestsAutoRia:28 - Screenshot have been added to Allure Report.
2018-07-13 15:06:19 INFO  TestsAutoRia:28 - Close Auto Ria
2018-07-13 15:08:58 INFO  TestsAutoRia:28 -  Launch Auto Ria page
2018-07-13 15:09:03 INFO  TestsAutoRia:28 - Screenshot have been added to Allure Report.
2018-07-13 15:09:06 INFO  TestsAutoRia:28 - Close Auto Ria
2018-07-13 15:16:13 INFO  TestsAutoRia:28 -  Launch Auto Ria page
2018-07-13 15:16:19 INFO  TestsAutoRia:28 - Screenshot have been added to Allure Report.
2018-07-13 15:16:21 INFO  TestsAutoRia:28 - Close Auto Ria
2018-07-13 15:17:52 INFO  TestsAutoRia:28 -  Launch Auto Ria page
2018-07-13 15:17:57 INFO  TestsAutoRia:28 - Screenshot have been added to Allure Report.
2018-07-13 15:18:00 INFO  TestsAutoRia:28 - Close Auto Ria
2018-07-13 15:18:41 INFO  TestsAutoRia:28 -  Launch Auto Ria page
2018-07-13 15:18:48 INFO  TestsAutoRia:28 - Close Auto Ria
2018-07-13 15:31:42 INFO  TestsAutoRia:28 -  Launch Auto Ria page
2018-07-13 15:31:46 INFO  TestsAutoRia:28 - Screenshot have been added to Allure Report.
2018-07-13 15:31:48 INFO  TestsAutoRia:28 - Close Auto Ria
2018-07-13 15:34:32 INFO  TestsAutoRia:28 -  Launch Auto Ria page
2018-07-13 15:34:37 INFO  TestsAutoRia:28 - Screenshot have been added to Allure Report.
2018-07-13 15:34:40 INFO  TestsAutoRia:28 - Close Auto Ria
2018-07-13 15:35:38 INFO  TestsAutoRia:28 -  Launch Auto Ria page
2018-07-13 15:35:45 INFO  TestsAutoRia:28 - Close Auto Ria
2018-07-17 10:42:59 INFO  TestsAutoRia:22 -  Launch Auto Ria page
2018-07-17 10:42:59 INFO  TestsAutoRia:22 - Screenshot have been added to Allure Report.
2018-07-17 10:43:02 INFO  TestsAutoRia:22 - Close Auto Ria
2018-07-17 10:43:09 INFO  TestsAutoRia:22 -  Launch Auto Ria page
2018-07-17 10:43:09 INFO  TestsAutoRia:22 - Screenshot have been added to Allure Report.
2018-07-17 10:43:11 INFO  TestsAutoRia:22 - Close Auto Ria
2018-07-17 10:43:19 INFO  TestsAutoRia:22 -  Launch Auto Ria page
2018-07-17 10:43:19 INFO  TestsAutoRia:22 - Screenshot have been added to Allure Report.
2018-07-17 10:43:21 INFO  TestsAutoRia:22 - Close Auto Ria
2018-07-17 10:43:29 INFO  TestsAutoRia:22 -  Launch Auto Ria page
2018-07-17 10:43:29 INFO  TestsAutoRia:22 - Screenshot have been added to Allure Report.
2018-07-17 10:43:32 INFO  TestsAutoRia:22 - Close Auto Ria
2018-07-17 10:43:39 INFO  TestsAutoRia:22 -  Launch Auto Ria page
2018-07-17 10:43:39 INFO  TestsAutoRia:22 - Screenshot have been added to Allure Report.
2018-07-17 10:43:41 INFO  TestsAutoRia:22 - Close Auto Ria
2018-07-17 10:43:49 INFO  TestsAutoRia:22 -  Launch Auto Ria page
2018-07-17 10:43:49 INFO  TestsAutoRia:22 - Screenshot have been added to Allure Report.
2018-07-17 10:43:51 INFO  TestsAutoRia:22 - Close Auto Ria
2018-07-17 10:43:59 INFO  TestsAutoRia:22 -  Launch Auto Ria page
2018-07-17 10:43:59 INFO  TestsAutoRia:22 - Screenshot have been added to Allure Report.
2018-07-17 10:44:02 INFO  TestsAutoRia:22 - Close Auto Ria
2018-07-17 10:44:53 INFO  TestsAutoRia:22 -  Launch Auto Ria page
2018-07-17 10:45:39 INFO  TestsAutoRia:22 - Screenshot have been added to Allure Report.
2018-07-17 10:46:08 INFO  TestsAutoRia:22 -  Launch Auto Ria page
2018-07-17 10:46:09 INFO  TestsAutoRia:22 - Screenshot have been added to Allure Report.
2018-07-17 10:46:11 INFO  TestsAutoRia:22 - Close Auto Ria
2018-07-17 10:53:09 INFO  TestsAutoRia:22 -  Launch Auto Ria page
2018-07-17 10:53:10 INFO  MainPageSearchBu:167 - Select 'B/U' radio button
2018-07-17 10:53:10 INFO  MainPageSearchBu:167 - Select transport
2018-07-17 10:53:11 INFO  MainPageSearchBu:167 - Select car brand
2018-07-17 10:53:12 INFO  MainPageSearchBu:167 - Select car model
2018-07-17 10:53:12 INFO  MainPageSearchBu:167 - Select region
2018-07-17 10:53:13 INFO  MainPageSearchBu:167 - Select year from
2018-07-17 10:53:13 INFO  MainPageSearchBu:167 - Select year to
2018-07-17 10:53:13 INFO  MainPageSearchBu:167 - Select price from
2018-07-17 10:53:13 INFO  MainPageSearchBu:167 - Select price to
2018-07-17 10:53:16 INFO  MainPageSearchBu:167 - Click on submit button
2018-07-17 10:53:17 INFO  MainPageSearchBu:167 - Get actual title
2018-07-17 10:53:17 INFO  MainPageSearchBu:167 - Get current URL
2018-07-17 10:53:17 INFO  MainPageSearchBu:167 - Check the parameters that match that the page loaded
2018-07-17 10:53:17 INFO  TestsAutoRia:20 -  The results of search is loaded correctly
2018-07-17 10:53:19 INFO  TestsAutoRia:22 - Close Auto Ria
2018-07-17 10:54:46 INFO  ConfigForTests:22 -  Launch Auto Ria page
2018-07-17 10:54:47 INFO  MainPageSearchBu:167 - Select 'B/U' radio button
2018-07-17 10:54:47 INFO  MainPageSearchBu:167 - Select transport
2018-07-17 10:54:48 INFO  MainPageSearchBu:167 - Select car brand
2018-07-17 10:54:49 INFO  MainPageSearchBu:167 - Select car model
2018-07-17 10:54:50 INFO  MainPageSearchBu:167 - Select region
2018-07-17 10:54:50 INFO  MainPageSearchBu:167 - Select year from
2018-07-17 10:54:50 INFO  MainPageSearchBu:167 - Select year to
2018-07-17 10:54:50 INFO  MainPageSearchBu:167 - Select price from
2018-07-17 10:54:50 INFO  MainPageSearchBu:167 - Select price to
2018-07-17 10:54:53 INFO  MainPageSearchBu:167 - Click on submit button
2018-07-17 10:54:54 INFO  MainPageSearchBu:167 - Get actual title
2018-07-17 10:54:54 INFO  MainPageSearchBu:167 - Get current URL
2018-07-17 10:54:54 INFO  MainPageSearchBu:167 - Check the parameters that match that the page loaded
2018-07-17 10:54:54 INFO  TestsAutoRia:17 -  The results of search is loaded correctly
2018-07-17 10:54:57 INFO  ConfigForTests:22 - Close Auto Ria
2018-07-17 10:55:04 INFO  ConfigForTests:22 -  Launch Auto Ria page
2018-07-17 10:55:04 INFO  MainPageHeadersLinks:40 - Click on Ria.Com link
2018-07-17 10:55:05 INFO  MainPageHeadersLinks:40 - Move to a new window
2018-07-17 10:55:05 INFO  MainPageHeadersLinks:40 - Close a new window
2018-07-17 10:55:05 INFO  MainPageHeadersLinks:40 - Move to a parent window
2018-07-17 10:55:05 INFO  TestsAutoRia:17 -  The Ria.come page was successfully load after clicking on link
2018-07-17 10:55:09 INFO  ConfigForTests:22 - Close Auto Ria
2018-07-17 10:55:17 INFO  ConfigForTests:22 -  Launch Auto Ria page
2018-07-17 10:55:17 INFO  MainPageSearchBu:167 - Select 'B/U' radio button
2018-07-17 10:55:17 INFO  MainPageSearchBu:167 - Select transport
2018-07-17 10:55:18 INFO  MainPageSearchBu:167 - Select car brand
2018-07-17 10:55:19 INFO  MainPageSearchBu:167 - Select car model
2018-07-17 10:55:20 INFO  MainPageSearchBu:167 - Select region
2018-07-17 10:55:20 INFO  MainPageSearchBu:167 - Select year from
2018-07-17 10:55:20 INFO  MainPageSearchBu:167 - Select year to
2018-07-17 10:55:20 INFO  MainPageSearchBu:167 - Select price from
2018-07-17 10:55:20 INFO  MainPageSearchBu:167 - Select price to
2018-07-17 10:55:23 INFO  MainPageSearchBu:167 - Click on submit button
2018-07-17 10:55:24 INFO  MainPageSearchBu:167 - Get actual title
2018-07-17 10:55:24 INFO  ConfigForTests:22 - Screenshot have been added to Allure Report.
2018-07-17 10:55:27 INFO  ConfigForTests:22 - Close Auto Ria
2018-07-17 10:55:36 INFO  ConfigForTests:22 -  Launch Auto Ria page
2018-07-17 10:55:36 INFO  MainPageSearchNewCars:67 - Select 'New Auto' radio button
2018-07-17 10:55:37 INFO  MainPageSearchNewCars:67 - Select transport
2018-07-17 10:55:37 INFO  MainPageSearchNewCars:67 - Select car brand
2018-07-17 10:55:38 INFO  MainPageSearchNewCars:67 - Select car model
2018-07-17 10:55:38 INFO  MainPageSearchNewCars:67 - Select region
2018-07-17 10:55:39 INFO  MainPageSearchNewCars:67 - Select year from
2018-07-17 10:55:39 INFO  MainPageSearchNewCars:67 - Select year to
2018-07-17 10:55:39 INFO  MainPageSearchNewCars:67 - Select price from
2018-07-17 10:55:39 INFO  MainPageSearchNewCars:67 - Select price to
2018-07-17 10:55:41 INFO  MainPageSearchNewCars:67 - Click on submit button
2018-07-17 10:55:41 INFO  MainPageSearchNewCars:67 - Get actual title
2018-07-17 10:55:41 INFO  TestsAutoRia:17 -  The results of search is loaded correctly
2018-07-17 10:55:43 INFO  ConfigForTests:22 - Close Auto Ria
2018-07-17 10:55:51 INFO  ConfigForTests:22 -  Launch Auto Ria page
2018-07-17 10:55:51 INFO  MainPageSearchBu:167 - Select 'B/U' radio button
2018-07-17 10:55:51 INFO  MainPageSearchBu:167 - Select transport
2018-07-17 10:55:52 INFO  MainPageSearchBu:167 - Select car brand
2018-07-17 10:55:53 INFO  MainPageSearchBu:167 - Select car model
2018-07-17 10:55:53 INFO  MainPageSearchBu:167 - Select region
2018-07-17 10:55:54 INFO  MainPageSearchBu:167 - Select year from
2018-07-17 10:55:54 INFO  MainPageSearchBu:167 - Select year to
2018-07-17 10:55:54 INFO  MainPageSearchBu:167 - Select price from
2018-07-17 10:55:54 INFO  MainPageSearchBu:167 - Select price to
2018-07-17 10:55:56 INFO  MainPageSearchBu:167 - Click on submit button
2018-07-17 10:55:57 INFO  MainPageSearchBu:167 - Get the message
2018-07-17 10:55:57 INFO  TestsAutoRia:17 -  The error message is displayed
2018-07-17 10:55:59 INFO  ConfigForTests:22 - Close Auto Ria
2018-07-17 10:56:07 INFO  ConfigForTests:22 -  Launch Auto Ria page
2018-07-17 10:56:07 INFO  MainPageSearchBu:167 - Select 'B/U' radio button
2018-07-17 10:56:07 INFO  MainPageSearchBu:167 - Select transport
2018-07-17 10:56:08 INFO  MainPageSearchBu:167 - Select car brand
2018-07-17 10:56:10 INFO  MainPageSearchBu:167 - Select car model
2018-07-17 10:56:10 INFO  MainPageSearchBu:167 - Select region
2018-07-17 10:56:11 INFO  MainPageSearchBu:167 - Select year from
2018-07-17 10:56:11 INFO  MainPageSearchBu:167 - Select year to
2018-07-17 10:56:11 INFO  MainPageSearchBu:167 - Select price from
2018-07-17 10:56:11 INFO  MainPageSearchBu:167 - Select price to
2018-07-17 10:56:13 INFO  MainPageSearchBu:167 - Click on submit button
2018-07-17 10:56:14 INFO  MainPageSearchBu:167 - Get the message
2018-07-17 10:56:14 INFO  TestsAutoRia:17 -  The error message is displayed
2018-07-17 10:56:16 INFO  ConfigForTests:22 - Close Auto Ria
2018-07-17 10:56:24 INFO  ConfigForTests:22 -  Launch Auto Ria page
2018-07-17 10:56:26 INFO  AuthorizationCheck:74 - Click on enter to
2018-07-17 10:56:36 INFO  AuthorizationCheck:74 - Switch to frame
2018-07-17 10:56:36 INFO  AuthorizationCheck:74 - Click on registration link
2018-07-17 10:56:36 INFO  AuthorizationCheck:74 - Input the telephone number
2018-07-17 10:56:37 INFO  AuthorizationCheck:74 -  Click on the continue button
2018-07-17 10:56:37 INFO  AuthorizationCheck:74 -  Get the message
2018-07-17 10:56:37 INFO  TestsAutoRia:17 -  The registration was failed
2018-07-17 10:56:39 INFO  ConfigForTests:22 - Close Auto Ria
2018-07-17 15:48:53 INFO  ConfigForTests:22 -  Launch Auto Ria page
2018-07-17 15:48:53 INFO  MainPageSearchBu:167 - Select 'B/U' radio button
2018-07-17 15:48:54 INFO  MainPageSearchBu:167 - Select transport
2018-07-17 15:48:54 INFO  MainPageSearchBu:167 - Select car brand
2018-07-17 15:48:55 INFO  MainPageSearchBu:167 - Select car model
2018-07-17 15:48:56 INFO  MainPageSearchBu:167 - Select region
2018-07-17 15:48:56 INFO  MainPageSearchBu:167 - Select year from
2018-07-17 15:48:56 INFO  MainPageSearchBu:167 - Select year to
2018-07-17 15:48:57 INFO  MainPageSearchBu:167 - Select price from
2018-07-17 15:48:57 INFO  MainPageSearchBu:167 - Select price to
2018-07-17 15:48:59 INFO  MainPageSearchBu:167 - Click on submit button
2018-07-17 15:49:00 INFO  MainPageSearchBu:167 - Get actual title
2018-07-17 15:49:00 INFO  MainPageSearchBu:167 - Get current URL
2018-07-17 15:49:00 INFO  MainPageSearchBu:167 - Check the parameters that match that the page loaded
2018-07-17 15:49:00 INFO  TestsAutoRia:17 -  The results of search is loaded correctly
2018-07-17 15:49:02 INFO  ConfigForTests:22 - Close Auto Ria
2018-07-17 15:49:10 INFO  ConfigForTests:22 -  Launch Auto Ria page
2018-07-17 15:49:10 INFO  MainPageHeadersLinks:40 - Click on Ria.Com link
2018-07-17 15:49:10 INFO  MainPageHeadersLinks:40 - Move to a new window
2018-07-17 15:49:11 INFO  MainPageHeadersLinks:40 - Close a new window
2018-07-17 15:49:11 INFO  MainPageHeadersLinks:40 - Move to a parent window
2018-07-17 15:49:11 INFO  TestsAutoRia:17 -  The Ria.come page was successfully load after clicking on link
2018-07-17 15:49:13 INFO  ConfigForTests:22 - Close Auto Ria
2018-07-17 15:49:21 INFO  ConfigForTests:22 -  Launch Auto Ria page
2018-07-17 15:49:21 INFO  MainPageSearchBu:167 - Select 'B/U' radio button
2018-07-17 15:49:21 INFO  MainPageSearchBu:167 - Select transport
2018-07-17 15:49:22 INFO  MainPageSearchBu:167 - Select car brand
2018-07-17 15:49:23 INFO  MainPageSearchBu:167 - Select car model
2018-07-17 15:49:23 INFO  MainPageSearchBu:167 - Select region
2018-07-17 15:49:24 INFO  MainPageSearchBu:167 - Select year from
2018-07-17 15:49:24 INFO  MainPageSearchBu:167 - Select year to
2018-07-17 15:49:24 INFO  MainPageSearchBu:167 - Select price from
2018-07-17 15:49:24 INFO  MainPageSearchBu:167 - Select price to
2018-07-17 15:49:27 INFO  MainPageSearchBu:167 - Click on submit button
2018-07-17 15:49:28 INFO  MainPageSearchBu:167 - Get actual title
2018-07-17 15:49:28 INFO  ConfigForTests:22 - Screenshot have been added to Allure Report.
2018-07-17 15:49:30 INFO  ConfigForTests:22 - Close Auto Ria
2018-07-17 15:49:38 INFO  ConfigForTests:22 -  Launch Auto Ria page
2018-07-17 15:49:38 INFO  MainPageSearchNewCars:67 - Select 'New Auto' radio button
2018-07-17 15:49:38 INFO  MainPageSearchNewCars:67 - Select transport
2018-07-17 15:49:39 INFO  MainPageSearchNewCars:67 - Select car brand
2018-07-17 15:49:40 INFO  MainPageSearchNewCars:67 - Select car model
2018-07-17 15:49:40 INFO  MainPageSearchNewCars:67 - Select region
2018-07-17 15:49:41 INFO  MainPageSearchNewCars:67 - Select year from
2018-07-17 15:49:41 INFO  MainPageSearchNewCars:67 - Select year to
2018-07-17 15:49:41 INFO  MainPageSearchNewCars:67 - Select price from
2018-07-17 15:49:41 INFO  MainPageSearchNewCars:67 - Select price to
2018-07-17 15:49:43 INFO  MainPageSearchNewCars:67 - Click on submit button
2018-07-17 15:49:43 INFO  MainPageSearchNewCars:67 - Get actual title
2018-07-17 15:49:43 INFO  TestsAutoRia:17 -  The results of search is loaded correctly
2018-07-17 15:49:45 INFO  ConfigForTests:22 - Close Auto Ria
2018-07-17 15:49:52 INFO  ConfigForTests:22 -  Launch Auto Ria page
2018-07-17 15:49:53 INFO  MainPageSearchBu:167 - Select 'B/U' radio button
2018-07-17 15:49:53 INFO  MainPageSearchBu:167 - Select transport
2018-07-17 15:49:54 INFO  MainPageSearchBu:167 - Select car brand
2018-07-17 15:49:54 INFO  MainPageSearchBu:167 - Select car model
2018-07-17 15:49:55 INFO  MainPageSearchBu:167 - Select region
2018-07-17 15:49:55 INFO  MainPageSearchBu:167 - Select year from
2018-07-17 15:49:56 INFO  MainPageSearchBu:167 - Select year to
2018-07-17 15:49:56 INFO  MainPageSearchBu:167 - Select price from
2018-07-17 15:49:56 INFO  MainPageSearchBu:167 - Select price to
2018-07-17 15:49:58 INFO  MainPageSearchBu:167 - Click on submit button
2018-07-17 15:49:59 INFO  MainPageSearchBu:167 - Get the message
2018-07-17 15:49:59 INFO  TestsAutoRia:17 -  The error message is displayed
2018-07-17 15:50:01 INFO  ConfigForTests:22 - Close Auto Ria
2018-07-17 15:50:08 INFO  ConfigForTests:22 -  Launch Auto Ria page
2018-07-17 15:50:09 INFO  MainPageSearchBu:167 - Select 'B/U' radio button
2018-07-17 15:50:09 INFO  MainPageSearchBu:167 - Select transport
2018-07-17 15:50:09 INFO  MainPageSearchBu:167 - Select car brand
2018-07-17 15:50:11 INFO  MainPageSearchBu:167 - Select car model
2018-07-17 15:50:12 INFO  MainPageSearchBu:167 - Select region
2018-07-17 15:50:12 INFO  MainPageSearchBu:167 - Select year from
2018-07-17 15:50:12 INFO  MainPageSearchBu:167 - Select year to
2018-07-17 15:50:12 INFO  MainPageSearchBu:167 - Select price from
2018-07-17 15:50:12 INFO  MainPageSearchBu:167 - Select price to
2018-07-17 15:50:15 INFO  MainPageSearchBu:167 - Click on submit button
2018-07-17 15:50:15 INFO  MainPageSearchBu:167 - Get the message
2018-07-17 15:50:15 INFO  TestsAutoRia:17 -  The error message is displayed
2018-07-17 15:50:17 INFO  ConfigForTests:22 - Close Auto Ria
2018-07-17 15:50:25 INFO  ConfigForTests:22 -  Launch Auto Ria page
2018-07-17 15:50:27 INFO  AuthorizationCheck:74 - Click on enter to
2018-07-17 15:50:37 INFO  AuthorizationCheck:74 - Switch to frame
2018-07-17 15:50:38 INFO  AuthorizationCheck:74 - Click on registration link
2018-07-17 15:50:38 INFO  AuthorizationCheck:74 - Input the telephone number
2018-07-17 15:50:39 INFO  AuthorizationCheck:74 -  Click on the continue button
2018-07-17 15:50:39 INFO  AuthorizationCheck:74 -  Get the message
2018-07-17 15:50:39 INFO  TestsAutoRia:17 -  The registration was failed
2018-07-17 15:50:41 INFO  ConfigForTests:22 - Close Auto Ria
2018-07-17 16:16:09 INFO  ConfigStart:27 -  Launch Auto Ria page
2018-07-17 16:30:11 INFO  ConfigStart:26 -  Launch Auto Ria page
2018-07-17 16:35:46 INFO  ConfigStart:26 -  Launch Auto Ria page
2018-07-17 16:36:31 INFO  ConfigStart:26 -  Launch Auto Ria page
2018-07-18 10:12:24 INFO  ConfigStart:35 -  Launch Auto Ria page
2018-07-20 10:35:24 INFO  AuthorizationCheck:74 - Click on enter to
2018-07-20 10:35:35 INFO  AuthorizationCheck:74 - Switch to frame
2018-07-20 10:35:35 INFO  AuthorizationCheck:74 - Click on registration link
2018-07-20 10:35:35 INFO  AuthorizationCheck:74 - Input the telephone number
2018-07-24 15:55:24 INFO  ConfigForTests:22 -  Launch Auto Ria page
2018-07-24 15:55:25 INFO  MainPageSearchBu:167 - Select 'B/U' radio button
2018-07-24 15:55:25 INFO  MainPageSearchBu:167 - Select transport
2018-07-24 15:55:26 INFO  MainPageSearchBu:167 - Select car brand
2018-07-24 15:55:27 INFO  MainPageSearchBu:167 - Select car model
2018-07-24 15:55:27 INFO  MainPageSearchBu:167 - Select region
2018-07-24 15:55:28 INFO  MainPageSearchBu:167 - Select year from
2018-07-24 15:55:28 INFO  MainPageSearchBu:167 - Select year to
2018-07-24 15:55:28 INFO  MainPageSearchBu:167 - Select price from
2018-07-24 15:55:28 INFO  MainPageSearchBu:167 - Select price to
2018-07-24 15:55:31 INFO  MainPageSearchBu:167 - Click on submit button
2018-07-24 15:55:32 INFO  MainPageSearchBu:167 - Get actual title
2018-07-24 15:55:32 INFO  MainPageSearchBu:167 - Get current URL
2018-07-24 15:55:32 INFO  MainPageSearchBu:167 - Check the parameters that match that the page loaded
2018-07-24 15:55:32 INFO  TestsAutoRia:17 -  The results of search is loaded correctly
2018-07-24 15:55:36 INFO  ConfigForTests:22 - Close Auto Ria
2018-07-24 15:55:43 INFO  ConfigForTests:22 -  Launch Auto Ria page
2018-07-24 15:55:43 INFO  MainPageHeadersLinks:40 - Click on Ria.Com link
2018-07-24 15:55:44 INFO  MainPageHeadersLinks:40 - Move to a new window
2018-07-24 15:55:44 INFO  MainPageHeadersLinks:40 - Close a new window
2018-07-24 15:55:44 INFO  MainPageHeadersLinks:40 - Move to a parent window
2018-07-24 15:55:44 INFO  TestsAutoRia:17 -  The Ria.come page was successfully load after clicking on link
2018-07-24 15:55:46 INFO  ConfigForTests:22 - Close Auto Ria
2018-07-24 15:55:53 INFO  ConfigForTests:22 -  Launch Auto Ria page
2018-07-24 15:55:53 INFO  MainPageSearchBu:167 - Select 'B/U' radio button
2018-07-24 15:55:53 INFO  MainPageSearchBu:167 - Select transport
2018-07-24 15:55:54 INFO  MainPageSearchBu:167 - Select car brand
2018-07-24 15:55:55 INFO  MainPageSearchBu:167 - Select car model
2018-07-24 15:55:55 INFO  MainPageSearchBu:167 - Select region
2018-07-24 15:55:56 INFO  MainPageSearchBu:167 - Select year from
2018-07-24 15:55:56 INFO  MainPageSearchBu:167 - Select year to
2018-07-24 15:55:56 INFO  MainPageSearchBu:167 - Select price from
2018-07-24 15:55:56 INFO  MainPageSearchBu:167 - Select price to
2018-07-24 15:56:00 INFO  MainPageSearchBu:167 - Click on submit button
2018-07-24 15:56:01 INFO  MainPageSearchBu:167 - Get actual title
2018-07-24 15:56:01 INFO  ConfigForTests:22 - Screenshot have been added to Allure Report.
2018-07-24 15:56:04 INFO  ConfigForTests:22 - Close Auto Ria
2018-07-24 15:56:10 INFO  ConfigForTests:22 -  Launch Auto Ria page
2018-07-24 15:56:11 INFO  MainPageSearchNewCars:67 - Select 'New Auto' radio button
2018-07-24 15:56:11 INFO  MainPageSearchNewCars:67 - Select transport
2018-07-24 15:56:12 INFO  MainPageSearchNewCars:67 - Select car brand
2018-07-24 15:56:13 INFO  MainPageSearchNewCars:67 - Select car model
2018-07-24 15:56:13 INFO  MainPageSearchNewCars:67 - Select region
2018-07-24 15:56:13 INFO  MainPageSearchNewCars:67 - Select year from
2018-07-24 15:56:14 INFO  MainPageSearchNewCars:67 - Select year to
2018-07-24 15:56:14 INFO  MainPageSearchNewCars:67 - Select price from
2018-07-24 15:56:14 INFO  MainPageSearchNewCars:67 - Select price to
2018-07-24 15:56:16 INFO  MainPageSearchNewCars:67 - Click on submit button
2018-07-24 15:56:16 INFO  MainPageSearchNewCars:67 - Get actual title
2018-07-24 15:56:16 INFO  TestsAutoRia:17 -  The results of search is loaded correctly
2018-07-24 15:56:18 INFO  ConfigForTests:22 - Close Auto Ria
2018-07-24 15:56:26 INFO  ConfigForTests:22 -  Launch Auto Ria page
2018-07-24 15:56:26 INFO  MainPageSearchBu:167 - Select 'B/U' radio button
2018-07-24 15:56:26 INFO  MainPageSearchBu:167 - Select transport
2018-07-24 15:56:27 INFO  MainPageSearchBu:167 - Select car brand
2018-07-24 15:56:28 INFO  MainPageSearchBu:167 - Select car model
2018-07-24 15:56:28 INFO  MainPageSearchBu:167 - Select region
2018-07-24 15:56:29 INFO  MainPageSearchBu:167 - Select year from
2018-07-24 15:56:29 INFO  MainPageSearchBu:167 - Select year to
2018-07-24 15:56:29 INFO  MainPageSearchBu:167 - Select price from
2018-07-24 15:56:29 INFO  MainPageSearchBu:167 - Select price to
2018-07-24 15:56:32 INFO  MainPageSearchBu:167 - Click on submit button
2018-07-24 15:56:33 INFO  MainPageSearchBu:167 - Get the message
2018-07-24 15:56:33 INFO  TestsAutoRia:17 -  The error message is displayed
2018-07-24 15:56:37 INFO  ConfigForTests:22 - Close Auto Ria
2018-07-24 15:56:44 INFO  ConfigForTests:22 -  Launch Auto Ria page
2018-07-24 15:56:44 INFO  MainPageSearchBu:167 - Select 'B/U' radio button
2018-07-24 15:56:44 INFO  MainPageSearchBu:167 - Select transport
2018-07-24 15:56:45 INFO  MainPageSearchBu:167 - Select car brand
2018-07-24 15:56:47 INFO  MainPageSearchBu:167 - Select car model
2018-07-24 15:56:47 INFO  MainPageSearchBu:167 - Select region
2018-07-24 15:56:47 INFO  MainPageSearchBu:167 - Select year from
2018-07-24 15:56:48 INFO  MainPageSearchBu:167 - Select year to
2018-07-24 15:56:48 INFO  MainPageSearchBu:167 - Select price from
2018-07-24 15:56:48 INFO  MainPageSearchBu:167 - Select price to
2018-07-24 15:56:50 INFO  MainPageSearchBu:167 - Click on submit button
2018-07-24 15:56:51 INFO  MainPageSearchBu:167 - Get the message
2018-07-24 15:56:51 INFO  TestsAutoRia:17 -  The error message is displayed
2018-07-24 15:56:53 INFO  ConfigForTests:22 - Close Auto Ria
2018-07-24 15:57:01 INFO  ConfigForTests:22 -  Launch Auto Ria page
2018-07-24 15:57:03 INFO  AuthorizationCheck:74 - Click on enter to
2018-07-24 15:57:13 INFO  AuthorizationCheck:74 - Switch to frame
2018-07-24 15:57:13 INFO  AuthorizationCheck:74 - Click on registration link
2018-07-24 15:57:13 INFO  AuthorizationCheck:74 - Input the telephone number
2018-07-24 15:57:14 INFO  AuthorizationCheck:74 -  Click on the continue button
2018-07-24 15:57:14 INFO  AuthorizationCheck:74 -  Get the message
2018-07-24 15:57:14 INFO  TestsAutoRia:17 -  The registration was failed
2018-07-24 15:57:16 INFO  ConfigForTests:22 - Close Auto Ria
2018-07-30 15:34:30 INFO  ConfigForTests:22 -  Launch Auto Ria page
2018-07-30 15:34:31 INFO  MainPageSearchBu:170 - Select 'B/U' radio button
2018-07-30 15:34:31 INFO  MainPageSearchBu:170 - Select transport
2018-07-30 15:34:32 INFO  MainPageSearchBu:170 - Select car brand
2018-07-30 15:34:33 INFO  MainPageSearchBu:170 - Select car model
2018-07-30 15:34:34 INFO  MainPageSearchBu:170 - Select region
2018-07-30 15:34:34 INFO  MainPageSearchBu:170 - Select year from
2018-07-30 15:34:34 INFO  MainPageSearchBu:170 - Select year to
2018-07-30 15:34:34 INFO  MainPageSearchBu:170 - Select price from
2018-07-30 15:34:34 INFO  MainPageSearchBu:170 - Select price to
2018-07-30 15:34:37 INFO  MainPageSearchBu:170 - Click on submit button
2018-07-30 15:34:39 INFO  ConfigForTests:22 - Screenshot have been added to Allure Report.
2018-07-30 15:34:41 INFO  ConfigForTests:22 - Close Auto Ria
2018-07-30 15:36:18 INFO  ConfigForTests:22 -  Launch Auto Ria page
2018-07-30 15:36:18 INFO  MainPageSearchBu:170 - Select 'B/U' radio button
2018-07-30 15:36:18 INFO  MainPageSearchBu:170 - Select transport
2018-07-30 15:36:19 INFO  MainPageSearchBu:170 - Select car brand
2018-07-30 15:36:20 INFO  MainPageSearchBu:170 - Select car model
2018-07-30 15:36:21 INFO  MainPageSearchBu:170 - Select region
2018-07-30 15:36:21 INFO  MainPageSearchBu:170 - Select year from
2018-07-30 15:36:21 INFO  MainPageSearchBu:170 - Select year to
2018-07-30 15:36:21 INFO  MainPageSearchBu:170 - Select price from
2018-07-30 15:36:21 INFO  MainPageSearchBu:170 - Select price to
2018-07-30 15:36:24 INFO  MainPageSearchBu:170 - Click on submit button
2018-07-30 15:36:25 INFO  ConfigForTests:22 - Screenshot have been added to Allure Report.
2018-07-30 15:36:27 INFO  ConfigForTests:22 - Close Auto Ria
2018-07-30 15:37:43 INFO  ConfigForTests:22 -  Launch Auto Ria page
2018-07-30 15:37:43 INFO  MainPageSearchBu:170 - Select 'B/U' radio button
2018-07-30 15:37:43 INFO  MainPageSearchBu:170 - Select transport
2018-07-30 15:37:44 INFO  MainPageSearchBu:170 - Select car brand
2018-07-30 15:37:45 INFO  MainPageSearchBu:170 - Select car model
2018-07-30 15:37:46 INFO  MainPageSearchBu:170 - Select region
2018-07-30 15:37:46 INFO  MainPageSearchBu:170 - Select year from
2018-07-30 15:37:46 INFO  MainPageSearchBu:170 - Select year to
2018-07-30 15:37:47 INFO  MainPageSearchBu:170 - Select price from
2018-07-30 15:37:47 INFO  MainPageSearchBu:170 - Select price to
2018-07-30 15:37:49 INFO  MainPageSearchBu:170 - Click on submit button
2018-07-30 15:37:51 INFO  ConfigForTests:22 - Screenshot have been added to Allure Report.
2018-07-30 15:37:52 INFO  ConfigForTests:22 - Close Auto Ria
2018-07-30 15:39:51 INFO  ConfigForTests:22 -  Launch Auto Ria page
2018-07-30 15:39:52 INFO  MainPageSearchBu:170 - Select 'B/U' radio button
2018-07-30 15:39:52 INFO  MainPageSearchBu:170 - Select transport
2018-07-30 15:39:53 INFO  MainPageSearchBu:170 - Select car brand
2018-07-30 15:39:54 INFO  MainPageSearchBu:170 - Select car model
2018-07-30 15:39:54 INFO  MainPageSearchBu:170 - Select region
2018-07-30 15:39:54 INFO  MainPageSearchBu:170 - Select year from
2018-07-30 15:39:55 INFO  MainPageSearchBu:170 - Select year to
2018-07-30 15:39:55 INFO  MainPageSearchBu:170 - Select price from
2018-07-30 15:39:55 INFO  MainPageSearchBu:170 - Select price to
2018-07-30 15:39:58 INFO  MainPageSearchBu:170 - Click on submit button
2018-07-30 15:39:59 INFO  ConfigForTests:22 - Screenshot have been added to Allure Report.
2018-07-30 15:40:01 INFO  ConfigForTests:22 - Close Auto Ria
2018-07-30 15:41:17 INFO  ConfigForTests:22 -  Launch Auto Ria page
2018-07-30 15:41:18 INFO  MainPageSearchBu:170 - Select 'B/U' radio button
2018-07-30 15:41:18 INFO  MainPageSearchBu:170 - Select transport
2018-07-30 15:41:19 INFO  MainPageSearchBu:170 - Select car brand
2018-07-30 15:41:20 INFO  MainPageSearchBu:170 - Select car model
2018-07-30 15:41:21 INFO  MainPageSearchBu:170 - Select region
2018-07-30 15:41:21 INFO  MainPageSearchBu:170 - Select year from
2018-07-30 15:41:21 INFO  MainPageSearchBu:170 - Select year to
2018-07-30 15:41:21 INFO  MainPageSearchBu:170 - Select price from
2018-07-30 15:41:21 INFO  MainPageSearchBu:170 - Select price to
2018-07-30 15:41:24 INFO  MainPageSearchBu:170 - Click on submit button
2018-07-30 15:41:26 INFO  ConfigForTests:22 - Screenshot have been added to Allure Report.
2018-07-30 15:41:30 INFO  ConfigForTests:22 - Close Auto Ria
2018-07-30 15:45:49 INFO  ConfigForTests:22 -  Launch Auto Ria page
2018-07-30 15:45:49 INFO  MainPageSearchBu:170 - Select 'B/U' radio button
2018-07-30 15:45:49 INFO  MainPageSearchBu:170 - Select transport
2018-07-30 15:45:50 INFO  MainPageSearchBu:170 - Select car brand
2018-07-30 15:45:51 INFO  MainPageSearchBu:170 - Select car model
2018-07-30 15:45:52 INFO  MainPageSearchBu:170 - Select region
2018-07-30 15:45:52 INFO  MainPageSearchBu:170 - Select year from
2018-07-30 15:45:52 INFO  MainPageSearchBu:170 - Select year to
2018-07-30 15:45:52 INFO  MainPageSearchBu:170 - Select price from
2018-07-30 15:45:52 INFO  MainPageSearchBu:170 - Select price to
2018-07-30 15:45:53 INFO  MainPageSearchBu:170 - Click on submit button
2018-07-30 15:45:56 INFO  ConfigForTests:22 - Screenshot have been added to Allure Report.
2018-07-30 15:45:58 INFO  ConfigForTests:22 - Close Auto Ria
2018-07-30 15:46:47 INFO  ConfigForTests:22 -  Launch Auto Ria page
2018-07-30 15:46:48 INFO  MainPageSearchBu:170 - Select 'B/U' radio button
2018-07-30 15:46:48 INFO  MainPageSearchBu:170 - Select transport
2018-07-30 15:46:49 INFO  MainPageSearchBu:170 - Select car brand
2018-07-30 15:46:50 INFO  MainPageSearchBu:170 - Select car model
2018-07-30 15:46:51 INFO  MainPageSearchBu:170 - Select region
2018-07-30 15:46:51 INFO  MainPageSearchBu:170 - Select year from
2018-07-30 15:46:51 INFO  MainPageSearchBu:170 - Select year to
2018-07-30 15:46:51 INFO  MainPageSearchBu:170 - Select price from
2018-07-30 15:46:51 INFO  MainPageSearchBu:170 - Select price to
2018-07-30 15:46:54 INFO  MainPageSearchBu:170 - Click on submit button
2018-07-30 15:46:55 INFO  ConfigForTests:22 - Screenshot have been added to Allure Report.
2018-07-30 15:46:57 INFO  ConfigForTests:22 - Close Auto Ria
2018-07-30 15:48:16 INFO  ConfigForTests:22 -  Launch Auto Ria page
2018-07-30 15:48:17 INFO  MainPageSearchBu:170 - Select 'B/U' radio button
2018-07-30 15:48:17 INFO  MainPageSearchBu:170 - Select transport
2018-07-30 15:48:18 INFO  MainPageSearchBu:170 - Select car brand
2018-07-30 15:48:19 INFO  MainPageSearchBu:170 - Select car model
2018-07-30 15:48:20 INFO  MainPageSearchBu:170 - Select region
2018-07-30 15:48:20 INFO  MainPageSearchBu:170 - Select year from
2018-07-30 15:48:20 INFO  MainPageSearchBu:170 - Select year to
2018-07-30 15:48:20 INFO  MainPageSearchBu:170 - Select price from
2018-07-30 15:48:20 INFO  MainPageSearchBu:170 - Select price to
2018-07-30 15:48:23 INFO  MainPageSearchBu:170 - Click on submit button
2018-07-30 15:48:25 INFO  TestsAutoRia:17 -  The results of search is loaded correctly
2018-07-30 15:48:26 INFO  ConfigForTests:22 - Close Auto Ria
2018-07-30 16:11:38 INFO  ConfigForTests:22 -  Launch Auto Ria page
2018-07-30 16:11:39 INFO  MainPageSearchBu:170 - Select 'B/U' radio button
2018-07-30 16:11:39 INFO  MainPageSearchBu:170 - Select transport
2018-07-30 16:11:40 INFO  MainPageSearchBu:170 - Select car brand
2018-07-30 16:11:41 INFO  MainPageSearchBu:170 - Select car model
2018-07-30 16:11:42 INFO  MainPageSearchBu:170 - Select region
2018-07-30 16:11:42 INFO  MainPageSearchBu:170 - Select year from
2018-07-30 16:11:42 INFO  MainPageSearchBu:170 - Select year to
2018-07-30 16:11:42 INFO  MainPageSearchBu:170 - Select price from
2018-07-30 16:11:42 INFO  MainPageSearchBu:170 - Select price to
2018-07-30 16:11:45 INFO  MainPageSearchBu:170 - Click on submit button
2018-07-30 16:29:02 INFO  ConfigForTests:22 - Screenshot have been added to Allure Report.
2018-07-30 16:29:21 INFO  ConfigForTests:22 -  Launch Auto Ria page
2018-07-30 16:29:21 INFO  MainPageSearchBu:170 - Select 'B/U' radio button
2018-07-30 16:29:22 INFO  MainPageSearchBu:170 - Select transport
2018-07-30 16:29:22 INFO  MainPageSearchBu:170 - Select car brand
2018-07-30 16:29:23 INFO  MainPageSearchBu:170 - Select car model
2018-07-30 16:29:24 INFO  MainPageSearchBu:170 - Select region
2018-07-30 16:29:24 INFO  MainPageSearchBu:170 - Select year from
2018-07-30 16:29:25 INFO  MainPageSearchBu:170 - Select year to
2018-07-30 16:29:25 INFO  MainPageSearchBu:170 - Select price from
2018-07-30 16:29:25 INFO  MainPageSearchBu:170 - Select price to
2018-07-30 16:29:28 INFO  MainPageSearchBu:170 - Click on submit button
2018-07-30 16:29:29 INFO  TestsAutoRia:17 -  The results of search is loaded correctly
2018-07-30 16:29:30 INFO  ConfigForTests:22 - Close Auto Ria
2018-07-30 16:32:14 INFO  ConfigForTests:22 -  Launch Auto Ria page
2018-07-30 16:32:14 INFO  MainPageSearchBu:170 - Select 'B/U' radio button
2018-07-30 16:32:14 INFO  MainPageSearchBu:170 - Select transport
2018-07-30 16:32:15 INFO  MainPageSearchBu:170 - Select car brand
2018-07-30 16:32:16 INFO  MainPageSearchBu:170 - Select car model
2018-07-30 16:32:17 INFO  MainPageSearchBu:170 - Select region
2018-07-30 16:32:17 INFO  MainPageSearchBu:170 - Select year from
2018-07-30 16:32:17 INFO  MainPageSearchBu:170 - Select year to
2018-07-30 16:32:17 INFO  MainPageSearchBu:170 - Select price from
2018-07-30 16:32:17 INFO  MainPageSearchBu:170 - Select price to
2018-07-30 16:32:20 INFO  MainPageSearchBu:170 - Click on submit button
2018-07-30 16:32:21 INFO  TestsAutoRia:17 -  The results of search is loaded correctly
2018-07-30 16:32:23 INFO  ConfigForTests:22 - Close Auto Ria
2018-07-30 16:35:17 INFO  ConfigForTests:22 -  Launch Auto Ria page
2018-07-30 16:35:18 INFO  MainPageSearchBu:170 - Select 'B/U' radio button
2018-07-30 16:35:18 INFO  MainPageSearchBu:170 - Select transport
2018-07-30 16:35:19 INFO  MainPageSearchBu:170 - Select car brand
2018-07-30 16:35:20 INFO  MainPageSearchBu:170 - Select car model
2018-07-30 16:35:20 INFO  MainPageSearchBu:170 - Select region
2018-07-30 16:35:21 INFO  MainPageSearchBu:170 - Select year from
2018-07-30 16:35:21 INFO  MainPageSearchBu:170 - Select year to
2018-07-30 16:35:21 INFO  MainPageSearchBu:170 - Select price from
2018-07-30 16:35:21 INFO  MainPageSearchBu:170 - Select price to
2018-07-30 16:35:24 INFO  MainPageSearchBu:170 - Click on submit button
2018-07-30 16:35:25 INFO  TestsAutoRia:17 -  The results of search is loaded correctly
2018-07-30 16:35:26 INFO  ConfigForTests:22 - Close Auto Ria
2018-07-31 10:05:27 INFO  ConfigForTests:22 -  Launch Auto Ria page
2018-07-31 10:05:29 INFO  MainPageSearchBu:170 - Select 'B/U' radio button
2018-07-31 10:05:29 INFO  MainPageSearchBu:170 - Select transport
2018-07-31 10:05:31 INFO  MainPageSearchBu:170 - Select car brand
2018-07-31 10:05:33 INFO  MainPageSearchBu:170 - Select car model
2018-07-31 10:05:34 INFO  MainPageSearchBu:170 - Select region
2018-07-31 10:05:34 INFO  MainPageSearchBu:170 - Select year from
2018-07-31 10:05:35 INFO  MainPageSearchBu:170 - Select year to
2018-07-31 10:05:35 INFO  MainPageSearchBu:170 - Select price from
2018-07-31 10:05:35 INFO  MainPageSearchBu:170 - Select price to
2018-07-31 10:05:36 INFO  MainPageSearchBu:170 - Click on submit button
2018-07-31 10:11:30 INFO  ConfigForTests:22 -  Launch Auto Ria page
2018-07-31 10:11:30 INFO  MainPageSearchBu:170 - Select 'B/U' radio button
2018-07-31 10:11:30 INFO  MainPageSearchBu:170 - Select transport
2018-07-31 10:11:31 INFO  MainPageSearchBu:170 - Select car brand
2018-07-31 10:11:32 INFO  MainPageSearchBu:170 - Select car model
2018-07-31 10:11:33 INFO  MainPageSearchBu:170 - Select region
2018-07-31 10:11:33 INFO  MainPageSearchBu:170 - Select year from
2018-07-31 10:11:33 INFO  MainPageSearchBu:170 - Select year to
2018-07-31 10:11:33 INFO  MainPageSearchBu:170 - Select price from
2018-07-31 10:11:33 INFO  MainPageSearchBu:170 - Select price to
2018-07-31 10:11:36 INFO  MainPageSearchBu:170 - Click on submit button
2018-07-31 10:11:36 INFO  TestsAutoRia:17 -  The results of search is loaded correctly
2018-07-31 10:11:37 INFO  ConfigForTests:22 - Close Auto Ria
2018-07-31 10:14:02 INFO  ConfigForTests:22 -  Launch Auto Ria page
2018-07-31 10:14:03 INFO  MainPageSearchBu:170 - Select 'B/U' radio button
2018-07-31 10:14:03 INFO  MainPageSearchBu:170 - Select transport
2018-07-31 10:14:04 INFO  MainPageSearchBu:170 - Select car brand
2018-07-31 10:14:05 INFO  MainPageSearchBu:170 - Select car model
2018-07-31 10:14:06 INFO  MainPageSearchBu:170 - Select region
2018-07-31 10:14:06 INFO  MainPageSearchBu:170 - Select year from
2018-07-31 10:14:06 INFO  MainPageSearchBu:170 - Select year to
2018-07-31 10:14:06 INFO  MainPageSearchBu:170 - Select price from
2018-07-31 10:14:06 INFO  MainPageSearchBu:170 - Select price to
2018-07-31 10:14:10 INFO  MainPageSearchBu:170 - Click on submit button
2018-07-31 10:14:11 INFO  TestsAutoRia:17 -  The results of search is loaded correctly
2018-07-31 10:14:13 INFO  ConfigForTests:22 - Close Auto Ria
2018-07-31 10:18:21 INFO  ConfigForTests:22 -  Launch Auto Ria page
2018-07-31 10:18:22 INFO  MainPageSearchBu:170 - Select 'B/U' radio button
2018-07-31 10:18:22 INFO  MainPageSearchBu:170 - Select transport
2018-07-31 10:18:23 INFO  MainPageSearchBu:170 - Select car brand
2018-07-31 10:18:24 INFO  MainPageSearchBu:170 - Select car model
2018-07-31 10:18:25 INFO  MainPageSearchBu:170 - Select region
2018-07-31 10:18:25 INFO  MainPageSearchBu:170 - Select year from
2018-07-31 10:18:25 INFO  MainPageSearchBu:170 - Select year to
2018-07-31 10:18:25 INFO  MainPageSearchBu:170 - Select price from
2018-07-31 10:18:25 INFO  MainPageSearchBu:170 - Select price to
2018-07-31 10:18:28 INFO  MainPageSearchBu:170 - Click on submit button
2018-07-31 10:18:29 INFO  TestsAutoRia:17 -  The results of search is loaded correctly
2018-07-31 10:18:31 INFO  ConfigForTests:22 - Close Auto Ria
2018-07-31 10:23:33 INFO  ConfigForTests:22 -  Launch Auto Ria page
2018-07-31 10:23:34 INFO  MainPageSearchBu:170 - Select 'B/U' radio button
2018-07-31 10:23:34 INFO  MainPageSearchBu:170 - Select transport
2018-07-31 10:23:35 INFO  MainPageSearchBu:170 - Select car brand
2018-07-31 10:23:36 INFO  MainPageSearchBu:170 - Select car model
2018-07-31 10:23:36 INFO  MainPageSearchBu:170 - Select region
2018-07-31 10:23:37 INFO  MainPageSearchBu:170 - Select year from
2018-07-31 10:23:37 INFO  MainPageSearchBu:170 - Select year to
2018-07-31 10:23:37 INFO  MainPageSearchBu:170 - Select price from
2018-07-31 10:23:37 INFO  MainPageSearchBu:170 - Select price to
2018-07-31 10:23:40 INFO  MainPageSearchBu:170 - Click on submit button
2018-07-31 10:23:40 INFO  TestsAutoRia:17 -  The results of search is loaded correctly
2018-07-31 10:23:44 INFO  ConfigForTests:22 - Close Auto Ria
2018-07-31 10:24:58 INFO  ConfigForTests:22 -  Launch Auto Ria page
2018-07-31 10:24:58 INFO  MainPageSearchBu:170 - Select 'B/U' radio button
2018-07-31 10:24:59 INFO  MainPageSearchBu:170 - Select transport
2018-07-31 10:24:59 INFO  MainPageSearchBu:170 - Select car brand
2018-07-31 10:25:00 INFO  MainPageSearchBu:170 - Select car model
2018-07-31 10:25:01 INFO  MainPageSearchBu:170 - Select region
2018-07-31 10:25:01 INFO  MainPageSearchBu:170 - Select year from
2018-07-31 10:25:02 INFO  MainPageSearchBu:170 - Select year to
2018-07-31 10:25:02 INFO  MainPageSearchBu:170 - Select price from
2018-07-31 10:25:02 INFO  MainPageSearchBu:170 - Select price to
2018-07-31 10:25:04 INFO  MainPageSearchBu:170 - Click on submit button
2018-07-31 10:25:05 INFO  TestsAutoRia:17 -  The results of search is loaded correctly
2018-07-31 10:25:07 INFO  ConfigForTests:22 - Close Auto Ria
2018-07-31 10:25:59 INFO  ConfigForTests:22 -  Launch Auto Ria page
2018-07-31 10:25:59 INFO  MainPageSearchBu:170 - Select 'B/U' radio button
2018-07-31 10:25:59 INFO  MainPageSearchBu:170 - Select transport
2018-07-31 10:26:00 INFO  MainPageSearchBu:170 - Select car brand
2018-07-31 10:26:01 INFO  MainPageSearchBu:170 - Select car model
2018-07-31 10:26:02 INFO  MainPageSearchBu:170 - Select region
2018-07-31 10:26:02 INFO  MainPageSearchBu:170 - Select year from
2018-07-31 10:26:02 INFO  MainPageSearchBu:170 - Select year to
2018-07-31 10:26:02 INFO  MainPageSearchBu:170 - Select price from
2018-07-31 10:26:02 INFO  MainPageSearchBu:170 - Select price to
2018-07-31 10:26:05 INFO  MainPageSearchBu:170 - Click on submit button
2018-07-31 10:26:06 INFO  TestsAutoRia:17 -  The results of search is loaded correctly
2018-07-31 10:26:08 INFO  ConfigForTests:22 - Close Auto Ria
2018-07-31 10:26:33 INFO  ConfigForTests:22 -  Launch Auto Ria page
2018-07-31 10:26:34 INFO  MainPageSearchBu:170 - Select 'B/U' radio button
2018-07-31 10:26:34 INFO  MainPageSearchBu:170 - Select transport
2018-07-31 10:26:35 INFO  MainPageSearchBu:170 - Select car brand
2018-07-31 10:26:36 INFO  MainPageSearchBu:170 - Select car model
2018-07-31 10:26:36 INFO  MainPageSearchBu:170 - Select region
2018-07-31 10:26:37 INFO  MainPageSearchBu:170 - Select year from
2018-07-31 10:26:37 INFO  MainPageSearchBu:170 - Select year to
2018-07-31 10:26:37 INFO  MainPageSearchBu:170 - Select price from
2018-07-31 10:26:37 INFO  MainPageSearchBu:170 - Select price to
2018-07-31 10:26:40 INFO  MainPageSearchBu:170 - Click on submit button
2018-07-31 10:26:40 INFO  ConfigForTests:22 - Screenshot have been added to Allure Report.
2018-07-31 10:26:42 INFO  ConfigForTests:22 - Close Auto Ria
2018-07-31 10:28:58 INFO  ConfigForTests:22 -  Launch Auto Ria page
2018-07-31 10:28:59 INFO  MainPageSearchBu:170 - Select 'B/U' radio button
2018-07-31 10:28:59 INFO  MainPageSearchBu:170 - Select transport
2018-07-31 10:29:00 INFO  MainPageSearchBu:170 - Select car brand
2018-07-31 10:29:01 INFO  MainPageSearchBu:170 - Select car model
2018-07-31 10:29:01 INFO  MainPageSearchBu:170 - Select region
2018-07-31 10:29:02 INFO  MainPageSearchBu:170 - Select year from
2018-07-31 10:29:02 INFO  MainPageSearchBu:170 - Select year to
2018-07-31 10:29:02 INFO  MainPageSearchBu:170 - Select price from
2018-07-31 10:29:02 INFO  MainPageSearchBu:170 - Select price to
2018-07-31 10:29:05 INFO  MainPageSearchBu:170 - Click on submit button
2018-07-31 10:29:06 INFO  TestsAutoRia:17 -  The results of search is loaded correctly
2018-07-31 10:29:07 INFO  ConfigForTests:22 - Close Auto Ria
2018-07-31 15:19:02 INFO  ConfigForTests:24 -  Launch Auto Ria page
2018-07-31 15:19:03 INFO  ConfigForTests:24 - Screenshot have been added to Allure Report.
2018-07-31 15:21:52 INFO  ConfigForTests:24 -  Launch Auto Ria page
2018-07-31 15:21:53 INFO  ConfigForTests:24 - Screenshot have been added to Allure Report.
2018-07-31 15:29:14 INFO  ConfigForTests:24 -  Launch Auto Ria page
2018-07-31 15:31:59 INFO  ConfigForTests:24 -  Launch Auto Ria page
2018-07-31 15:31:59 INFO  MainPageSearchBu:170 - Select 'B/U' radio button
2018-07-31 15:31:59 INFO  MainPageSearchBu:170 - Select transport
2018-07-31 15:32:00 INFO  MainPageSearchBu:170 - Select car brand
2018-07-31 15:32:01 INFO  MainPageSearchBu:170 - Select car model
2018-07-31 15:32:02 INFO  MainPageSearchBu:170 - Select region
2018-07-31 15:32:02 INFO  MainPageSearchBu:170 - Select year from
2018-07-31 15:32:02 INFO  MainPageSearchBu:170 - Select year to
2018-07-31 15:32:02 INFO  MainPageSearchBu:170 - Select price from
2018-07-31 15:32:03 INFO  MainPageSearchBu:170 - Select price to
2018-07-31 15:32:05 INFO  MainPageSearchBu:170 - Click on submit button
2018-07-31 15:32:06 INFO  TestsAutoRia:17 -  The results of search is loaded correctly
2018-07-31 15:32:10 INFO  ConfigForTests:24 - Close Auto Ria
2018-08-01 12:04:47 INFO  ConfigForTests:29 -  Launch Auto Ria page
2018-08-01 12:04:48 INFO  MainPageSearchBu:170 - Select 'B/U' radio button
2018-08-01 12:04:48 INFO  MainPageSearchBu:170 - Select transport
2018-08-01 12:04:48 INFO  MainPageSearchBu:170 - Select car brand
2018-08-01 12:04:49 INFO  MainPageSearchBu:170 - Select car model
2018-08-01 12:04:49 INFO  MainPageSearchBu:170 - Select region
2018-08-01 12:04:49 INFO  MainPageSearchBu:170 - Select year from
2018-08-01 12:04:49 INFO  MainPageSearchBu:170 - Select year to
2018-08-01 12:04:49 INFO  MainPageSearchBu:170 - Select price from
2018-08-01 12:04:49 INFO  MainPageSearchBu:170 - Select price to
2018-08-01 12:04:50 INFO  MainPageSearchBu:170 - Click on submit button
2018-08-01 12:04:50 INFO  ConfigForTests:29 - Screenshot have been added to Allure Report.
2018-08-01 12:05:49 INFO  ConfigForTests:29 -  Launch Auto Ria page
2018-08-01 12:05:49 INFO  MainPageSearchBu:170 - Select 'B/U' radio button
2018-08-01 12:05:50 INFO  MainPageSearchBu:170 - Select transport
2018-08-01 12:05:50 INFO  MainPageSearchBu:170 - Select car brand
2018-08-01 12:05:50 INFO  MainPageSearchBu:170 - Select car model
2018-08-01 12:05:51 INFO  MainPageSearchBu:170 - Select region
2018-08-01 12:05:51 INFO  MainPageSearchBu:170 - Select year from
2018-08-01 12:05:51 INFO  MainPageSearchBu:170 - Select year to
2018-08-01 12:05:51 INFO  MainPageSearchBu:170 - Select price from
2018-08-01 12:05:51 INFO  MainPageSearchBu:170 - Select price to
2018-08-01 12:05:51 INFO  MainPageSearchBu:170 - Click on submit button
2018-08-01 12:05:51 INFO  ConfigForTests:29 - Screenshot have been added to Allure Report.
2018-08-01 12:05:55 INFO  ConfigForTests:29 - Close Auto Ria
2018-08-01 12:06:01 INFO  ConfigForTests:29 -  Launch Auto Ria page
2018-08-01 12:06:01 INFO  MainPageHeadersLinks:40 - Click on Ria.Com link
2018-08-01 12:06:01 INFO  MainPageHeadersLinks:40 - Move to a new window
2018-08-01 12:06:03 INFO  MainPageHeadersLinks:40 - Close a new window
2018-08-01 12:06:03 INFO  MainPageHeadersLinks:40 - Move to a parent window
2018-08-01 12:06:03 INFO  TestsAutoRia:18 -  The Ria.come page was successfully load after clicking on link
2018-08-01 12:06:04 INFO  ConfigForTests:29 - Close Auto Ria
2018-08-01 12:06:10 INFO  ConfigForTests:29 -  Launch Auto Ria page
2018-08-01 12:06:10 INFO  MainPageSearchBu:170 - Select 'B/U' radio button
2018-08-01 12:06:10 INFO  MainPageSearchBu:170 - Select transport
2018-08-01 12:06:10 INFO  MainPageSearchBu:170 - Select car brand
2018-08-01 12:06:11 INFO  MainPageSearchBu:170 - Select car model
2018-08-01 12:06:11 INFO  MainPageSearchBu:170 - Select region
2018-08-01 12:06:11 INFO  MainPageSearchBu:170 - Select year from
2018-08-01 12:06:11 INFO  MainPageSearchBu:170 - Select year to
2018-08-01 12:06:11 INFO  MainPageSearchBu:170 - Select price from
2018-08-01 12:06:11 INFO  MainPageSearchBu:170 - Select price to
2018-08-01 12:06:12 INFO  MainPageSearchBu:170 - Click on submit button
2018-08-01 12:06:15 INFO  TestsAutoRia:18 -  The results of search is loaded correctly
2018-08-01 12:06:15 INFO  ConfigForTests:29 - Close Auto Ria
2018-08-01 12:06:21 INFO  ConfigForTests:29 -  Launch Auto Ria page
2018-08-01 12:06:21 INFO  MainPageSearchBu:170 - Select 'B/U' radio button
2018-08-01 12:06:21 INFO  MainPageSearchBu:170 - Select transport
2018-08-01 12:06:22 INFO  MainPageSearchBu:170 - Select car brand
2018-08-01 12:06:22 INFO  MainPageSearchBu:170 - Select car model
2018-08-01 12:06:22 INFO  MainPageSearchBu:170 - Select region
2018-08-01 12:06:22 INFO  MainPageSearchBu:170 - Select year from
2018-08-01 12:06:22 INFO  MainPageSearchBu:170 - Select year to
2018-08-01 12:06:23 INFO  MainPageSearchBu:170 - Select price from
2018-08-01 12:06:23 INFO  MainPageSearchBu:170 - Select price to
2018-08-01 12:06:23 INFO  MainPageSearchBu:170 - Click on submit button
2018-08-01 12:06:26 INFO  MainPageSearchBu:170 - Get actual title
2018-08-01 12:06:26 INFO  ConfigForTests:29 - Screenshot have been added to Allure Report.
2018-08-01 12:06:27 INFO  ConfigForTests:29 - Close Auto Ria
2018-08-01 12:06:34 INFO  ConfigForTests:29 -  Launch Auto Ria page
2018-08-01 12:06:34 INFO  MainPageSearchNewCars:67 - Select 'New Auto' radio button
2018-08-01 12:06:34 INFO  MainPageSearchNewCars:67 - Select transport
2018-08-01 12:06:34 INFO  MainPageSearchNewCars:67 - Select car brand
2018-08-01 12:06:35 INFO  MainPageSearchNewCars:67 - Select car model
2018-08-01 12:06:35 INFO  MainPageSearchNewCars:67 - Select region
2018-08-01 12:06:35 INFO  MainPageSearchNewCars:67 - Select year from
2018-08-01 12:06:35 INFO  MainPageSearchNewCars:67 - Select year to
2018-08-01 12:06:35 INFO  MainPageSearchNewCars:67 - Select price from
2018-08-01 12:06:35 INFO  MainPageSearchNewCars:67 - Select price to
2018-08-01 12:06:36 INFO  MainPageSearchNewCars:67 - Click on submit button
2018-08-01 12:06:36 INFO  MainPageSearchNewCars:67 - Get actual title
2018-08-01 12:06:36 INFO  TestsAutoRia:18 -  The results of search is loaded correctly
2018-08-01 12:06:37 INFO  ConfigForTests:29 - Close Auto Ria
2018-08-01 12:06:47 INFO  ConfigForTests:29 -  Launch Auto Ria page
2018-08-01 12:06:47 INFO  MainPageSearchBu:170 - Select 'B/U' radio button
2018-08-01 12:06:47 INFO  MainPageSearchBu:170 - Select transport
2018-08-01 12:06:48 INFO  MainPageSearchBu:170 - Select car brand
2018-08-01 12:06:48 INFO  MainPageSearchBu:170 - Select car model
2018-08-01 12:06:48 INFO  MainPageSearchBu:170 - Select region
2018-08-01 12:06:49 INFO  MainPageSearchBu:170 - Select year from
2018-08-01 12:06:49 INFO  MainPageSearchBu:170 - Select year to
2018-08-01 12:06:49 INFO  MainPageSearchBu:170 - Select price from
2018-08-01 12:06:49 INFO  MainPageSearchBu:170 - Select price to
2018-08-01 12:06:49 INFO  MainPageSearchBu:170 - Click on submit button
2018-08-01 12:06:51 INFO  MainPageSearchBu:170 - Get the message
2018-08-01 12:06:51 INFO  TestsAutoRia:18 -  The error message is displayed
2018-08-01 12:06:52 INFO  ConfigForTests:29 - Close Auto Ria
2018-08-01 12:06:58 INFO  ConfigForTests:29 -  Launch Auto Ria page
2018-08-01 12:06:58 INFO  MainPageSearchBu:170 - Select 'B/U' radio button
2018-08-01 12:06:58 INFO  MainPageSearchBu:170 - Select transport
2018-08-01 12:06:58 INFO  MainPageSearchBu:170 - Select car brand
2018-08-01 12:06:59 INFO  MainPageSearchBu:170 - Select car model
2018-08-01 12:07:00 INFO  MainPageSearchBu:170 - Select region
2018-08-01 12:07:00 INFO  MainPageSearchBu:170 - Select year from
2018-08-01 12:07:00 INFO  MainPageSearchBu:170 - Select year to
2018-08-01 12:07:00 INFO  MainPageSearchBu:170 - Select price from
2018-08-01 12:07:00 INFO  MainPageSearchBu:170 - Select price to
2018-08-01 12:07:00 INFO  MainPageSearchBu:170 - Click on submit button
2018-08-01 12:07:03 INFO  MainPageSearchBu:170 - Get the message
2018-08-01 12:07:03 INFO  TestsAutoRia:18 -  The error message is displayed
2018-08-01 12:07:03 INFO  ConfigForTests:29 - Close Auto Ria
2018-08-01 12:07:11 INFO  ConfigForTests:29 -  Launch Auto Ria page
2018-08-01 12:07:14 INFO  AuthorizationCheck:74 - Click on enter to
2018-08-01 12:07:24 INFO  AuthorizationCheck:74 - Switch to frame
2018-08-01 12:07:24 INFO  AuthorizationCheck:74 - Click on registration link
2018-08-01 12:07:24 INFO  AuthorizationCheck:74 - Input the telephone number
2018-08-01 12:07:24 INFO  AuthorizationCheck:74 -  Click on the continue button
2018-08-01 12:07:25 INFO  AuthorizationCheck:74 -  Get the message
2018-08-01 12:07:25 INFO  TestsAutoRia:18 -  The registration was failed
2018-08-01 12:07:26 INFO  ConfigForTests:29 - Close Auto Ria
2018-08-02 11:55:12 INFO  ConfigForTests:28 -  Launch Auto Ria page
2018-08-02 11:55:13 INFO  MainPageSearchBu:170 - Select 'B/U' radio button
2018-08-02 11:55:13 INFO  MainPageSearchBu:170 - Select transport
2018-08-02 11:55:14 INFO  MainPageSearchBu:170 - Select car brand
2018-08-02 11:55:15 INFO  MainPageSearchBu:170 - Select car model
2018-08-02 11:55:15 INFO  MainPageSearchBu:170 - Select region
2018-08-02 11:55:16 INFO  MainPageSearchBu:170 - Select year from
2018-08-02 11:55:16 INFO  MainPageSearchBu:170 - Select year to
2018-08-02 11:55:16 INFO  MainPageSearchBu:170 - Select price from
2018-08-02 11:55:16 INFO  MainPageSearchBu:170 - Select price to
2018-08-02 11:55:19 INFO  MainPageSearchBu:170 - Click on submit button
2018-08-02 11:55:20 INFO  MainPageSearchBu:170 - Get actual title
2018-08-02 11:55:20 INFO  MainPageSearchBu:170 - Get current URL
2018-08-02 11:55:20 INFO  MainPageSearchBu:170 - Check the parameters that match that the page loaded
2018-08-02 11:55:20 INFO  TestsAutoRia:18 -  The results of search is loaded correctly
2018-08-02 11:55:23 INFO  ConfigForTests:28 - Close Auto Ria
2018-08-02 11:55:30 INFO  ConfigForTests:28 -  Launch Auto Ria page
2018-08-02 11:55:30 INFO  MainPageHeadersLinks:40 - Click on Ria.Com link
2018-08-02 11:55:31 INFO  MainPageHeadersLinks:40 - Move to a new window
2018-08-02 11:55:31 INFO  MainPageHeadersLinks:40 - Close a new window
2018-08-02 11:55:31 INFO  MainPageHeadersLinks:40 - Move to a parent window
2018-08-02 11:55:31 INFO  TestsAutoRia:18 -  The Ria.come page was successfully load after clicking on link
2018-08-02 11:55:34 INFO  ConfigForTests:28 - Close Auto Ria
2018-08-02 11:55:43 INFO  ConfigForTests:28 -  Launch Auto Ria page
2018-08-02 11:55:43 INFO  MainPageSearchBu:170 - Select 'B/U' radio button
2018-08-02 11:55:44 INFO  MainPageSearchBu:170 - Select transport
2018-08-02 11:55:44 INFO  MainPageSearchBu:170 - Select car brand
2018-08-02 11:55:45 INFO  MainPageSearchBu:170 - Select car model
2018-08-02 11:55:46 INFO  MainPageSearchBu:170 - Select region
2018-08-02 11:55:46 INFO  MainPageSearchBu:170 - Select year from
2018-08-02 11:55:46 INFO  MainPageSearchBu:170 - Select year to
2018-08-02 11:55:46 INFO  MainPageSearchBu:170 - Select price from
2018-08-02 11:55:46 INFO  MainPageSearchBu:170 - Select price to
2018-08-02 11:55:49 INFO  MainPageSearchBu:170 - Click on submit button
2018-08-02 11:55:50 INFO  TestsAutoRia:18 -  The results of search is loaded correctly
2018-08-02 11:55:52 INFO  ConfigForTests:28 - Close Auto Ria
2018-08-02 11:55:59 INFO  ConfigForTests:28 -  Launch Auto Ria page
2018-08-02 11:55:59 INFO  MainPageSearchBu:170 - Select 'B/U' radio button
2018-08-02 11:55:59 INFO  MainPageSearchBu:170 - Select transport
2018-08-02 11:56:00 INFO  MainPageSearchBu:170 - Select car brand
2018-08-02 11:56:00 INFO  MainPageSearchBu:170 - Select car model
2018-08-02 11:56:01 INFO  MainPageSearchBu:170 - Select region
2018-08-02 11:56:01 INFO  MainPageSearchBu:170 - Select year from
2018-08-02 11:56:02 INFO  MainPageSearchBu:170 - Select year to
2018-08-02 11:56:02 INFO  MainPageSearchBu:170 - Select price from
2018-08-02 11:56:02 INFO  MainPageSearchBu:170 - Select price to
2018-08-02 11:56:04 INFO  MainPageSearchBu:170 - Click on submit button
2018-08-02 11:56:05 INFO  MainPageSearchBu:170 - Get actual title
2018-08-02 11:56:05 INFO  ConfigForTests:28 - Screenshot have been added to Allure Report.
2018-08-02 11:56:08 INFO  ConfigForTests:28 - Close Auto Ria
2018-08-02 11:56:15 INFO  ConfigForTests:28 -  Launch Auto Ria page
2018-08-02 11:56:15 INFO  MainPageSearchNewCars:67 - Select 'New Auto' radio button
2018-08-02 11:56:15 INFO  MainPageSearchNewCars:67 - Select transport
2018-08-02 11:56:16 INFO  MainPageSearchNewCars:67 - Select car brand
2018-08-02 11:56:16 INFO  MainPageSearchNewCars:67 - Select car model
2018-08-02 11:56:17 INFO  MainPageSearchNewCars:67 - Select region
2018-08-02 11:56:17 INFO  MainPageSearchNewCars:67 - Select year from
2018-08-02 11:56:17 INFO  MainPageSearchNewCars:67 - Select year to
2018-08-02 11:56:17 INFO  MainPageSearchNewCars:67 - Select price from
2018-08-02 11:56:17 INFO  MainPageSearchNewCars:67 - Select price to
2018-08-02 11:56:19 INFO  MainPageSearchNewCars:67 - Click on submit button
2018-08-02 11:56:19 INFO  MainPageSearchNewCars:67 - Get actual title
2018-08-02 11:56:19 INFO  TestsAutoRia:18 -  The results of search is loaded correctly
2018-08-02 11:56:21 INFO  ConfigForTests:28 - Close Auto Ria
2018-08-02 11:56:27 INFO  ConfigForTests:28 -  Launch Auto Ria page
2018-08-02 11:56:28 INFO  MainPageSearchBu:170 - Select 'B/U' radio button
2018-08-02 11:56:28 INFO  MainPageSearchBu:170 - Select transport
2018-08-02 11:56:28 INFO  MainPageSearchBu:170 - Select car brand
2018-08-02 11:56:29 INFO  MainPageSearchBu:170 - Select car model
2018-08-02 11:56:30 INFO  MainPageSearchBu:170 - Select region
2018-08-02 11:56:30 INFO  MainPageSearchBu:170 - Select year from
2018-08-02 11:56:30 INFO  MainPageSearchBu:170 - Select year to
2018-08-02 11:56:30 INFO  MainPageSearchBu:170 - Select price from
2018-08-02 11:56:30 INFO  MainPageSearchBu:170 - Select price to
2018-08-02 11:56:32 INFO  MainPageSearchBu:170 - Click on submit button
2018-08-02 11:56:33 INFO  MainPageSearchBu:170 - Get the message
2018-08-02 11:56:33 INFO  TestsAutoRia:18 -  The error message is displayed
2018-08-02 11:56:35 INFO  ConfigForTests:28 - Close Auto Ria
2018-08-02 11:56:42 INFO  ConfigForTests:28 -  Launch Auto Ria page
2018-08-02 11:56:42 INFO  MainPageSearchBu:170 - Select 'B/U' radio button
2018-08-02 11:56:42 INFO  MainPageSearchBu:170 - Select transport
2018-08-02 11:56:43 INFO  MainPageSearchBu:170 - Select car brand
2018-08-02 11:56:44 INFO  MainPageSearchBu:170 - Select car model
2018-08-02 11:56:45 INFO  MainPageSearchBu:170 - Select region
2018-08-02 11:56:45 INFO  MainPageSearchBu:170 - Select year from
2018-08-02 11:56:46 INFO  MainPageSearchBu:170 - Select year to
2018-08-02 11:56:46 INFO  MainPageSearchBu:170 - Select price from
2018-08-02 11:56:46 INFO  MainPageSearchBu:170 - Select price to
2018-08-02 11:56:48 INFO  MainPageSearchBu:170 - Click on submit button
2018-08-02 11:56:48 INFO  MainPageSearchBu:170 - Get the message
2018-08-02 11:56:48 INFO  TestsAutoRia:18 -  The error message is displayed
2018-08-02 11:56:50 INFO  ConfigForTests:28 - Close Auto Ria
2018-08-02 11:56:57 INFO  ConfigForTests:28 -  Launch Auto Ria page
2018-08-02 11:56:59 INFO  AuthorizationCheck:74 - Click on enter to
2018-08-02 11:57:09 INFO  AuthorizationCheck:74 - Switch to frame
2018-08-02 11:57:09 INFO  AuthorizationCheck:74 - Click on registration link
2018-08-02 11:57:09 INFO  AuthorizationCheck:74 - Input the telephone number
2018-08-02 11:57:10 INFO  AuthorizationCheck:74 -  Click on the continue button
2018-08-02 11:57:10 INFO  AuthorizationCheck:74 -  Get the message
2018-08-02 11:57:10 INFO  TestsAutoRia:18 -  The registration was failed
2018-08-02 11:57:13 INFO  ConfigForTests:28 - Close Auto Ria
